Using pre-set license
Built from '2020.2/release' branch; Version is '2020.2.4f1 (becced5a802b) revision 12504301'; Using compiler version '192528614'; Build Type 'Release'
OS: 'Windows 10 Home; OS build 19044.1586; Version 2009; 64bit' Language: 'en' Physical Memory: 32607 MB
BatchMode: 1, IsHumanControllingUs: 0, StartBugReporterOnCrash: 0, Is64bit: 1, IsPro: 0

 COMMAND LINE ARGUMENTS:
C:\Program Files\Unity\Hub\Editor\2020.2.4f1\Editor\Unity.exe
-adb2
-batchMode
-noUpm
-name
AssetImportWorker0
-projectPath
C:/Users/TheRa/Desktop/Uni/GitHub Regestries/AGA307_Programing_Class_Work
-logFile
Logs/AssetImportWorker0.log
-srvPort
64611
Successfully changed project path to: C:/Users/TheRa/Desktop/Uni/GitHub Regestries/AGA307_Programing_Class_Work
C:/Users/TheRa/Desktop/Uni/GitHub Regestries/AGA307_Programing_Class_Work
Using Asset Import Pipeline V2.
Refreshing native plugins compatible for Editor in 21.81 ms, found 0 plugins.
Preloading 0 native plugins for Editor in 0.00 ms.
Initialize engine version: 2020.2.4f1 (becced5a802b)
[Subsystems] Discovering subsystems at path C:/Program Files/Unity/Hub/Editor/2020.2.4f1/Editor/Data/Resources/UnitySubsystems
[Subsystems] Discovering subsystems at path C:/Users/TheRa/Desktop/Uni/GitHub Regestries/AGA307_Programing_Class_Work/Assets
GfxDevice: creating device client; threaded=0
Direct3D:
    Version:  Direct3D 11.0 [level 11.1]
    Renderer: NVIDIA GeForce RTX 2080 with Max-Q Design (ID=0x1e90)
    Vendor:   
    VRAM:     8010 MB
    Driver:   30.0.14.9709
Initialize mono
Mono path[0] = 'C:/Program Files/Unity/Hub/Editor/2020.2.4f1/Editor/Data/Managed'
Mono path[1] = 'C:/Program Files/Unity/Hub/Editor/2020.2.4f1/Editor/Data/MonoBleedingEdge/lib/mono/unityjit'
Mono config path = 'C:/Program Files/Unity/Hub/Editor/2020.2.4f1/Editor/Data/MonoBleedingEdge/etc'
Using monoOptions --debugger-agent=transport=dt_socket,embedding=1,server=y,suspend=n,address=127.0.0.1:56456
Begin MonoManager ReloadAssembly
Registering precompiled unity dll's ...
Register platform support module: C:/Program Files/Unity/Hub/Editor/2020.2.4f1/Editor/Data/PlaybackEngines/WindowsStandaloneSupport/UnityEditor.WindowsStandalone.Extensions.dll
Registered in 0.002446 seconds.
Native extension for WindowsStandalone target not found
Refreshing native plugins compatible for Editor in 27.73 ms, found 0 plugins.
Preloading 0 native plugins for Editor in 0.00 ms.
Invoked RoslynAnalysisRunner static constructor.
RoslynAnalysisRunner will not be running.
RoslynAnalysisRunner has terminated.
Mono: successfully reloaded assembly
- Completed reload, in  1.159 seconds
Platform modules already initialized, skipping
Registering precompiled user dll's ...
Registered in 0.000833 seconds.
Begin MonoManager ReloadAssembly
Native extension for WindowsStandalone target not found
Refreshing native plugins compatible for Editor in 0.25 ms, found 0 plugins.
Preloading 0 native plugins for Editor in 0.00 ms.
Invoked RoslynAnalysisRunner static constructor.
RoslynAnalysisRunner will not be running.
RoslynAnalysisRunner has terminated.
Mono: successfully reloaded assembly
- Completed reload, in  1.062 seconds
Platform modules already initialized, skipping
========================================================================
Worker process is ready to serve import requests
Launched and connected shader compiler UnityShaderCompiler.exe after 0.10 seconds
Refreshing native plugins compatible for Editor in 0.29 ms, found 0 plugins.
Preloading 0 native plugins for Editor in 0.00 ms.
Unloading 1016 Unused Serialized files (Serialized files now loaded: 0)
System memory in use before: 59.4 MB.
System memory in use after: 59.4 MB.

Unloading 9 unused Assets to reduce memory usage. Loaded Objects now: 1460.
Total: 2.491400 ms (FindLiveObjects: 0.156100 ms CreateObjectMapping: 0.053900 ms MarkObjects: 2.157700 ms  DeleteObjects: 0.122500 ms)

========================================================================
Received Import Request.
  path: Assets/Scripts/Managers/GameManager.cs
  artifactKey: Guid(6b7178278805c974d98725d4857ac894) Importer(815301076,1909f56bfc062723c751e8b465ee728b)
Start importing Assets/Scripts/Managers/GameManager.cs using Guid(6b7178278805c974d98725d4857ac894) Importer(815301076,1909f56bfc062723c751e8b465ee728b)  -> (artifact id: '95d63688928806143a140597346dac26') in 0.037510 seconds
  Import took 0.039552 seconds .

========================================================================
Received Import Request.
  Time since last request: 0.000224 seconds.
  path: Assets/Scripts/Managers
  artifactKey: Guid(20415eb79de90b749847df01908d02d5) Importer(815301076,1909f56bfc062723c751e8b465ee728b)
Start importing Assets/Scripts/Managers using Guid(20415eb79de90b749847df01908d02d5) Importer(815301076,1909f56bfc062723c751e8b465ee728b)  -> (artifact id: '4a772a2a80ae7c41ae62ab1ecf812c76') in 0.005877 seconds
  Import took 0.007457 seconds .

========================================================================
Received Import Request.
  Time since last request: 217.644480 seconds.
  path: Assets/Scripts/Managers/GameEvents.cs
  artifactKey: Guid(8702740a90640ee4da2e88fbda6798b3) Importer(815301076,1909f56bfc062723c751e8b465ee728b)
Start importing Assets/Scripts/Managers/GameEvents.cs using Guid(8702740a90640ee4da2e88fbda6798b3) Importer(815301076,1909f56bfc062723c751e8b465ee728b)  -> (artifact id: '6995ef655bf53d1bd04b8b2d69ecfcea') in 0.005739 seconds
  Import took 0.007778 seconds .

========================================================================
Received Import Request.
  Time since last request: 0.004408 seconds.
  path: Assets/Scripts/Managers/GameEvents.cs
  artifactKey: Guid(8702740a90640ee4da2e88fbda6798b3) Importer(815301076,1909f56bfc062723c751e8b465ee728b)
Start importing Assets/Scripts/Managers/GameEvents.cs using Guid(8702740a90640ee4da2e88fbda6798b3) Importer(815301076,1909f56bfc062723c751e8b465ee728b)  -> (artifact id: '6995ef655bf53d1bd04b8b2d69ecfcea') in 0.004329 seconds
  Import took 0.006524 seconds .

========================================================================
Received Import Request.
  Time since last request: 8.281606 seconds.
  path: Assets/Scripts/Managers/Enemy_Manager.cs
  artifactKey: Guid(1ed043aa958ab3e41843a651a7092f65) Importer(815301076,1909f56bfc062723c751e8b465ee728b)
Start importing Assets/Scripts/Managers/Enemy_Manager.cs using Guid(1ed043aa958ab3e41843a651a7092f65) Importer(815301076,1909f56bfc062723c751e8b465ee728b)  -> (artifact id: '5a59f4544f83b9407b4fddb384363be0') in 0.009527 seconds
  Import took 0.011784 seconds .

========================================================================
Received Prepare
Registering precompiled user dll's ...
Registered in 0.001054 seconds.
Begin MonoManager ReloadAssembly
Native extension for WindowsStandalone target not found
Refreshing native plugins compatible for Editor in 0.42 ms, found 0 plugins.
Preloading 0 native plugins for Editor in 0.00 ms.
Invoked RoslynAnalysisRunner static constructor.
RoslynAnalysisRunner will not be running.
RoslynAnalysisRunner has terminated.
Mono: successfully reloaded assembly
- Completed reload, in  1.022 seconds
Platform modules already initialized, skipping
Refreshing native plugins compatible for Editor in 0.32 ms, found 0 plugins.
Preloading 0 native plugins for Editor in 0.00 ms.
Unloading 986 Unused Serialized files (Serialized files now loaded: 0)
System memory in use before: 57.4 MB.
System memory in use after: 57.4 MB.

Unloading 5 unused Assets to reduce memory usage. Loaded Objects now: 1462.
Total: 2.859100 ms (FindLiveObjects: 0.140200 ms CreateObjectMapping: 0.047200 ms MarkObjects: 2.576700 ms  DeleteObjects: 0.092700 ms)

AssetImportWorkerClient::OnTransportError - code=2 error=End of file
