Using pre-set license
Built from '2020.2/release' branch; Version is '2020.2.4f1 (becced5a802b) revision 12504301'; Using compiler version '192528614'; Build Type 'Release'
OS: 'Windows 10 Home; OS build 19044.1586; Version 2009; 64bit' Language: 'en' Physical Memory: 32607 MB
BatchMode: 1, IsHumanControllingUs: 0, StartBugReporterOnCrash: 0, Is64bit: 1, IsPro: 0

 COMMAND LINE ARGUMENTS:
C:\Program Files\Unity\Hub\Editor\2020.2.4f1\Editor\Unity.exe
-adb2
-batchMode
-noUpm
-name
AssetImportWorker0
-projectPath
C:/Users/TheRa/Desktop/Uni/GitHub Regestries/AGA307_Programing_Class_Work
-logFile
Logs/AssetImportWorker0.log
-srvPort
65523
Successfully changed project path to: C:/Users/TheRa/Desktop/Uni/GitHub Regestries/AGA307_Programing_Class_Work
C:/Users/TheRa/Desktop/Uni/GitHub Regestries/AGA307_Programing_Class_Work
Using Asset Import Pipeline V2.
Refreshing native plugins compatible for Editor in 24.55 ms, found 0 plugins.
Preloading 0 native plugins for Editor in 0.00 ms.
Initialize engine version: 2020.2.4f1 (becced5a802b)
[Subsystems] Discovering subsystems at path C:/Program Files/Unity/Hub/Editor/2020.2.4f1/Editor/Data/Resources/UnitySubsystems
[Subsystems] Discovering subsystems at path C:/Users/TheRa/Desktop/Uni/GitHub Regestries/AGA307_Programing_Class_Work/Assets
GfxDevice: creating device client; threaded=0
Direct3D:
    Version:  Direct3D 11.0 [level 11.1]
    Renderer: NVIDIA GeForce RTX 2080 with Max-Q Design (ID=0x1e90)
    Vendor:   
    VRAM:     8010 MB
    Driver:   30.0.14.9709
Initialize mono
Mono path[0] = 'C:/Program Files/Unity/Hub/Editor/2020.2.4f1/Editor/Data/Managed'
Mono path[1] = 'C:/Program Files/Unity/Hub/Editor/2020.2.4f1/Editor/Data/MonoBleedingEdge/lib/mono/unityjit'
Mono config path = 'C:/Program Files/Unity/Hub/Editor/2020.2.4f1/Editor/Data/MonoBleedingEdge/etc'
Using monoOptions --debugger-agent=transport=dt_socket,embedding=1,server=y,suspend=n,address=127.0.0.1:56564
Begin MonoManager ReloadAssembly
Registering precompiled unity dll's ...
Register platform support module: C:/Program Files/Unity/Hub/Editor/2020.2.4f1/Editor/Data/PlaybackEngines/WindowsStandaloneSupport/UnityEditor.WindowsStandalone.Extensions.dll
Registered in 0.003043 seconds.
Native extension for WindowsStandalone target not found
Refreshing native plugins compatible for Editor in 24.78 ms, found 0 plugins.
Preloading 0 native plugins for Editor in 0.00 ms.
Invoked RoslynAnalysisRunner static constructor.
RoslynAnalysisRunner will not be running.
RoslynAnalysisRunner has terminated.
Mono: successfully reloaded assembly
- Completed reload, in  1.273 seconds
Platform modules already initialized, skipping
Registering precompiled user dll's ...
Registered in 0.000829 seconds.
Begin MonoManager ReloadAssembly
Native extension for WindowsStandalone target not found
Refreshing native plugins compatible for Editor in 0.42 ms, found 0 plugins.
Preloading 0 native plugins for Editor in 0.00 ms.
Invoked RoslynAnalysisRunner static constructor.
RoslynAnalysisRunner will not be running.
RoslynAnalysisRunner has terminated.
Mono: successfully reloaded assembly
- Completed reload, in  1.094 seconds
Platform modules already initialized, skipping
========================================================================
Worker process is ready to serve import requests
Launched and connected shader compiler UnityShaderCompiler.exe after 0.05 seconds
Refreshing native plugins compatible for Editor in 0.61 ms, found 0 plugins.
Preloading 0 native plugins for Editor in 0.00 ms.
Unloading 1032 Unused Serialized files (Serialized files now loaded: 0)
System memory in use before: 61.4 MB.
System memory in use after: 61.5 MB.

Unloading 9 unused Assets to reduce memory usage. Loaded Objects now: 1476.
Total: 2.894100 ms (FindLiveObjects: 0.198000 ms CreateObjectMapping: 0.062700 ms MarkObjects: 2.540900 ms  DeleteObjects: 0.091000 ms)

========================================================================
Received Import Request.
  path: Assets/Scripts/Managers/Ui_Manager.cs
  artifactKey: Guid(f8554d50a77ab4440afe49460339a215) Importer(815301076,1909f56bfc062723c751e8b465ee728b)
Start importing Assets/Scripts/Managers/Ui_Manager.cs using Guid(f8554d50a77ab4440afe49460339a215) Importer(815301076,1909f56bfc062723c751e8b465ee728b)  -> (artifact id: '76ae0f3757f42fe079c1b549318713d9') in 0.060118 seconds
  Import took 0.062672 seconds .

========================================================================
Received Import Request.
  Time since last request: 94.990735 seconds.
  path: Assets/Scripts/Managers/GameEvents.cs
  artifactKey: Guid(8702740a90640ee4da2e88fbda6798b3) Importer(815301076,1909f56bfc062723c751e8b465ee728b)
Start importing Assets/Scripts/Managers/GameEvents.cs using Guid(8702740a90640ee4da2e88fbda6798b3) Importer(815301076,1909f56bfc062723c751e8b465ee728b)  -> (artifact id: '75591d65f60fdfdb6b7d42b2453080d6') in 0.005633 seconds
  Import took 0.007553 seconds .

========================================================================
Received Import Request.
  Time since last request: 57.739332 seconds.
  path: Assets/Scripts/Managers/GameBehaviour.cs
  artifactKey: Guid(12b9c121eec4de64f8cd2ddb187c5c4a) Importer(815301076,1909f56bfc062723c751e8b465ee728b)
Start importing Assets/Scripts/Managers/GameBehaviour.cs using Guid(12b9c121eec4de64f8cd2ddb187c5c4a) Importer(815301076,1909f56bfc062723c751e8b465ee728b)  -> (artifact id: 'f8ac1ef1912a681e8bcd5fe35206e141') in 0.006249 seconds
  Import took 0.008531 seconds .

========================================================================
Received Import Request.
  Time since last request: 30826.222373 seconds.
  path: Assets/Scenes/MainScene.unity
  artifactKey: Guid(9fc0d4010bbf28b4594072e72b8655ab) Importer(815301076,1909f56bfc062723c751e8b465ee728b)
Start importing Assets/Scenes/MainScene.unity using Guid(9fc0d4010bbf28b4594072e72b8655ab) Importer(815301076,1909f56bfc062723c751e8b465ee728b)  -> (artifact id: '790bf8c08e8fc5a134d4b45823ab4122') in 0.074964 seconds
  Import took 0.105809 seconds .

========================================================================
Received Import Request.
  Time since last request: 908.953747 seconds.
  path: Assets/Scenes/TitleScene.unity
  artifactKey: Guid(1f148b018ec36ee40a58c45b3cbbbeb0) Importer(815301076,1909f56bfc062723c751e8b465ee728b)
Start importing Assets/Scenes/TitleScene.unity using Guid(1f148b018ec36ee40a58c45b3cbbbeb0) Importer(815301076,1909f56bfc062723c751e8b465ee728b)  -> (artifact id: '60c724b5438d8658a4e157b489762215') in 0.013267 seconds
  Import took 0.016123 seconds .

AssetImportWorkerClient::OnTransportError - code=2 error=End of file
